<?xml version="1.0" encoding="UTF-8"?>
<!-- Generated by org.testng.reporters.JUnitXMLReporter -->
<testsuite ignored="1" hostname="User" failures="1" tests="11" name="Regression Test" time="240.27" errors="0" timestamp="2023-08-01T23:07:08 EDT">
  <testcase classname="testPkg.HomePageMenuLinksTest" name="restMenuLinkTest" time="24.877">
    <failure type="java.lang.AssertionError" message="expected [true] but found [false]">
      <![CDATA[java.lang.AssertionError: expected [true] but found [false]
at testPkg.HomePageMenuLinksTest.restMenuLinkTest(HomePageMenuLinksTest.java:52)
at java.base/java.util.ArrayList.forEach(ArrayList.java:1511)
... Removed 31 stack frames]]>
    </failure>
  </testcase> <!-- restMenuLinkTest -->
  <testcase classname="testPkg.HomePageMenuLinksTest" name="restMenuLinkTest" time="18.037"/>
  <testcase classname="testPkg.HomePageMenuLinksTest" name="restMenuLinkTest" time="13.627"/>
  <testcase classname="testPkg.SearchFunctionalityTest" name="positiveSearchFunctionalityTestByClickingSearchBtn" time="16.978"/>
  <testcase classname="testPkg.SearchFunctionalityTest" name="positiveSearchFunctionalityTestByClickingSearchBtn" time="20.296"/>
  <testcase classname="testPkg.SearchFunctionalityTest" name="positiveSearchFunctionalityTestByClickingSearchBtn" time="14.905"/>
  <testcase classname="testPkg.SearchFunctionalityTest" name="positiveSearchFunctionalityTestByClickingSearchBtn" time="19.563"/>
  <testcase classname="testPkg.SearchFunctionalityTest" name="positiveSearchFunctionalityTestByClickingSearchBtn" time="11.837"/>
  <testcase classname="testPkg.SearchFunctionalityTest" name="negativeSearchFunctionalityTestByClickingSearchBtn" time="12.185"/>
  <testcase classname="testPkg.SearchFunctionalityTest" name="negativeSearchFunctionalityTestByClickingSearchBtn" time="7.166"/>
  <testcase classname="testPkg.SearchFunctionalityTest" name="negativeSearchFunctionalityTestByClickingSearchBtn" time="7.081"/>
  <testcase classname="testPkg.HomePageMenuLinksTest" name="savedMenuLinkTest" time="0.0">
    <ignored/>
  </testcase> <!-- savedMenuLinkTest -->
</testsuite> <!-- Regression Test -->
