<?xml version="1.0" encoding="UTF-8"?>
<!-- Generated by org.testng.reporters.JUnitXMLReporter -->
<testsuite ignored="0" hostname="User" failures="1" tests="4" name="Smoke Test" time="73.522" errors="0" timestamp="2023-08-01T22:25:12 EDT">
  <testcase classname="testPkg.HomePageMenuLinksTest" name="restMenuLinkTest" time="23.373">
    <failure type="java.lang.AssertionError" message="expected [true] but found [false]">
      <![CDATA[java.lang.AssertionError: expected [true] but found [false]
at testPkg.HomePageMenuLinksTest.restMenuLinkTest(HomePageMenuLinksTest.java:51)
at java.base/java.util.ArrayList.forEach(ArrayList.java:1511)
... Removed 31 stack frames]]>
    </failure>
  </testcase> <!-- restMenuLinkTest -->
  <testcase classname="testPkg.HomePageMenuLinksTest" name="restMenuLinkTest" time="6.107"/>
  <testcase classname="testPkg.HomePageMenuLinksTest" name="restMenuLinkTest" time="5.264"/>
  <testcase classname="testPkg.HomePageMenuLinksTest" name="savedMenuLinkTest" time="7.111"/>
</testsuite> <!-- Smoke Test -->
